<?xml version="1.0" encoding="UTF-8"?>
<!-- Generated by org.testng.reporters.JUnitXMLReporter -->
<testsuite ignored="0" hostname="Bhagya" failures="0" tests="6" name="Test" time="22.416" errors="0" timestamp="2025-09-22T17:01:42 IST">
  <testcase classname="NG_MA_SE_Jenkins.Jenkins.com.Demo" name="tryme" time="2.724"/>
  <testcase classname="NG_MA_SE_Jenkins.Jenkins.com.LogInZig" name="validLogin" time="0.655"/>
  <testcase classname="NG_MA_SE_Jenkins.Jenkins.com.CartTets" name="addItemsToCart" time="0.243"/>
  <testcase classname="NG_MA_SE_Jenkins.Jenkins.com.ProductAdd" name="completePurchase" time="0.991"/>
  <testcase classname="NG_MA_SE_Jenkins.Jenkins.com.OutCard" name="completePurchase" time="0.755"/>
  <testcase classname="NG_MA_SE_Jenkins.Jenkins.com.CartTets" name="removeItemsFromCart" time="5.295"/>
</testsuite> <!-- Test -->
