<?xml version="1.0" encoding="UTF-8"?>
<!-- Generated by org.testng.reporters.JUnitXMLReporter -->
<testsuite ignored="0" hostname="Bhagya" failures="0" tests="6" name="Test" time="65.802" errors="0" timestamp="2025-09-22T17:05:52 IST">
  <testcase classname="NG_MA_SE_Jenkins.Jenkins.com.OutCard" name="completePurchase" time="4.514"/>
  <testcase classname="NG_MA_SE_Jenkins.Jenkins.com.CartTets" name="addItemsToCart" time="0.505"/>
  <testcase classname="NG_MA_SE_Jenkins.Jenkins.com.ProductAdd" name="completePurchase" time="2.597"/>
  <testcase classname="NG_MA_SE_Jenkins.Jenkins.com.LogInZig" name="validLogin" time="2.082"/>
  <testcase classname="NG_MA_SE_Jenkins.Jenkins.com.Demo" name="tryme" time="54.348"/>
  <testcase classname="NG_MA_SE_Jenkins.Jenkins.com.CartTets" name="removeItemsFromCart" time="5.395"/>
</testsuite> <!-- Test -->
