<?xml version="1.0" encoding="UTF-8"?>
<testsuite xmlns:xsi="http://www.w3.org/2001/XMLSchema-instance" xsi:noNamespaceSchemaLocation="https://maven.apache.org/surefire/maven-surefire-plugin/xsd/surefire-test-report-3.0.xsd" version="3.0" name="TestSuite" time="66.619" tests="6" errors="0" skipped="0" failures="0">
  <properties>
[...]
</properties>
  <testcase name="completePurchase" classname="NG_MA_SE_Jenkins.Jenkins.com.OutCard" time="4.522">
    <system-err><![CDATA[SLF4J: Failed to load class "org.slf4j.impl.StaticLoggerBinder".
SLF4J: Defaulting to no-operation (NOP) logger implementation
SLF4J: See http://www.slf4j.org/codes.html#StaticLoggerBinder for further details.
Sept 22, 2025 5:05:12 PM org.openqa.selenium.devtools.CdpVersionFinder findNearestMatch
WARNING: Unable to find CDP implementation matching 140
Sept 22, 2025 5:05:13 PM org.openqa.selenium.chromium.ChromiumDriver lambda$new$4
WARNING: Unable to find version of CDP to use for 140.0.7339.128. You may need to include a dependency on a specific version of the CDP using something similar to `org.seleniumhq.selenium:selenium-devtools-v86:4.29.0` where the version ("v86") matches the version of the chromium-based browser you're using and the version number of the artifact is the same as Selenium's.
]]></system-err>
  </testcase>
  <testcase name="addItemsToCart" classname="NG_MA_SE_Jenkins.Jenkins.com.CartTets" time="0.509"/>
  <testcase name="removeItemsFromCart" classname="NG_MA_SE_Jenkins.Jenkins.com.CartTets" time="5.392"/>
  <testcase name="completePurchase" classname="NG_MA_SE_Jenkins.Jenkins.com.ProductAdd" time="1.218"/>
  <testcase name="validLogin" classname="NG_MA_SE_Jenkins.Jenkins.com.LogInZig" time="2.085"/>
  <testcase name="tryme" classname="NG_MA_SE_Jenkins.Jenkins.com.Demo" time="11.63">
    <system-out><![CDATA[
]]></system-out>
  </testcase>
</testsuite>