<?xml version="1.0" encoding="UTF-8"?>
<testng-results ignored="0" total="6" passed="6" failed="0" skipped="0">
  <reporter-output>
  </reporter-output>
  <suite started-at="2025-09-22T17:01:19 IST" name="Suite" finished-at="2025-09-22T17:01:42 IST" duration-ms="22416">
    <groups>
    </groups>
    <test started-at="2025-09-22T17:01:19 IST" name="Test" finished-at="2025-09-22T17:01:42 IST" duration-ms="22416">
      <class name="NG_MA_SE_Jenkins.Jenkins.com.Demo">
        <test-method signature="tryme()[pri:0, instance:NG_MA_SE_Jenkins.Jenkins.com.Demo@eadd4fb]" started-at="2025-09-22T17:01:19 IST" name="tryme" finished-at="2025-09-22T17:01:22 IST" duration-ms="2724" status="PASS">
          <reporter-output>
          </reporter-output>
        </test-method> <!-- tryme -->
      </class> <!-- NG_MA_SE_Jenkins.Jenkins.com.Demo -->
      <class name="NG_MA_SE_Jenkins.Jenkins.com.ProductAdd">
        <test-method is-config="true" signature="SetUp()[pri:0, instance:NG_MA_SE_Jenkins.Jenkins.com.ProductAdd@723ca036]" started-at="2025-09-22T17:01:19 IST" name="SetUp" finished-at="2025-09-22T17:01:27 IST" duration-ms="7786" status="PASS">
          <reporter-output>
          </reporter-output>
        </test-method> <!-- SetUp -->
        <test-method is-config="true" signature="loginFirst()[pri:0, instance:NG_MA_SE_Jenkins.Jenkins.com.ProductAdd@723ca036]" started-at="2025-09-22T17:01:27 IST" name="loginFirst" finished-at="2025-09-22T17:01:28 IST" duration-ms="579" status="PASS">
          <reporter-output>
          </reporter-output>
        </test-method> <!-- loginFirst -->
        <test-method signature="completePurchase()[pri:0, instance:NG_MA_SE_Jenkins.Jenkins.com.ProductAdd@723ca036]" started-at="2025-09-22T17:01:28 IST" name="completePurchase" finished-at="2025-09-22T17:01:29 IST" duration-ms="991" status="PASS">
          <reporter-output>
          </reporter-output>
        </test-method> <!-- completePurchase -->
        <test-method is-config="true" signature="TearDown()[pri:0, instance:NG_MA_SE_Jenkins.Jenkins.com.ProductAdd@723ca036]" started-at="2025-09-22T17:01:29 IST" name="TearDown" finished-at="2025-09-22T17:01:32 IST" duration-ms="2883" status="PASS">
          <reporter-output>
          </reporter-output>
        </test-method> <!-- TearDown -->
      </class> <!-- NG_MA_SE_Jenkins.Jenkins.com.ProductAdd -->
      <class name="NG_MA_SE_Jenkins.Jenkins.com.CartTets">
        <test-method is-config="true" signature="SetUp()[pri:0, instance:NG_MA_SE_Jenkins.Jenkins.com.CartTets@3de8f619]" started-at="2025-09-22T17:01:19 IST" name="SetUp" finished-at="2025-09-22T17:01:27 IST" duration-ms="8025" status="PASS">
          <reporter-output>
          </reporter-output>
        </test-method> <!-- SetUp -->
        <test-method is-config="true" signature="loginFirst()[pri:0, instance:NG_MA_SE_Jenkins.Jenkins.com.CartTets@3de8f619]" started-at="2025-09-22T17:01:27 IST" name="loginFirst" finished-at="2025-09-22T17:01:28 IST" duration-ms="612" status="PASS">
          <reporter-output>
          </reporter-output>
        </test-method> <!-- loginFirst -->
        <test-method signature="addItemsToCart()[pri:0, instance:NG_MA_SE_Jenkins.Jenkins.com.CartTets@3de8f619]" started-at="2025-09-22T17:01:28 IST" name="addItemsToCart" finished-at="2025-09-22T17:01:28 IST" duration-ms="243" status="PASS">
          <reporter-output>
          </reporter-output>
        </test-method> <!-- addItemsToCart -->
        <test-method is-config="true" signature="TearDown()[pri:0, instance:NG_MA_SE_Jenkins.Jenkins.com.CartTets@3de8f619]" started-at="2025-09-22T17:01:28 IST" name="TearDown" finished-at="2025-09-22T17:01:32 IST" duration-ms="3343" status="PASS">
          <reporter-output>
          </reporter-output>
        </test-method> <!-- TearDown -->
        <test-method is-config="true" signature="SetUp()[pri:0, instance:NG_MA_SE_Jenkins.Jenkins.com.CartTets@3de8f619]" started-at="2025-09-22T17:01:32 IST" name="SetUp" finished-at="2025-09-22T17:01:35 IST" duration-ms="3541" status="PASS">
          <reporter-output>
          </reporter-output>
        </test-method> <!-- SetUp -->
        <test-method is-config="true" signature="loginFirst()[pri:0, instance:NG_MA_SE_Jenkins.Jenkins.com.CartTets@3de8f619]" started-at="2025-09-22T17:01:35 IST" name="loginFirst" finished-at="2025-09-22T17:01:35 IST" duration-ms="349" status="PASS">
          <reporter-output>
          </reporter-output>
        </test-method> <!-- loginFirst -->
        <test-method signature="removeItemsFromCart()[pri:0, instance:NG_MA_SE_Jenkins.Jenkins.com.CartTets@3de8f619]" started-at="2025-09-22T17:01:35 IST" name="removeItemsFromCart" finished-at="2025-09-22T17:01:41 IST" duration-ms="5295" status="PASS">
          <reporter-output>
          </reporter-output>
        </test-method> <!-- removeItemsFromCart -->
        <test-method is-config="true" signature="TearDown()[pri:0, instance:NG_MA_SE_Jenkins.Jenkins.com.CartTets@3de8f619]" started-at="2025-09-22T17:01:41 IST" name="TearDown" finished-at="2025-09-22T17:01:42 IST" duration-ms="958" status="PASS">
          <reporter-output>
          </reporter-output>
        </test-method> <!-- TearDown -->
      </class> <!-- NG_MA_SE_Jenkins.Jenkins.com.CartTets -->
      <class name="NG_MA_SE_Jenkins.Jenkins.com.OutCard">
        <test-method is-config="true" signature="SetUp()[pri:0, instance:NG_MA_SE_Jenkins.Jenkins.com.OutCard@4e5ed836]" started-at="2025-09-22T17:01:19 IST" name="SetUp" finished-at="2025-09-22T17:01:29 IST" duration-ms="9274" status="PASS">
          <reporter-output>
          </reporter-output>
        </test-method> <!-- SetUp -->
        <test-method is-config="true" signature="loginFirst()[pri:0, instance:NG_MA_SE_Jenkins.Jenkins.com.OutCard@4e5ed836]" started-at="2025-09-22T17:01:29 IST" name="loginFirst" finished-at="2025-09-22T17:01:29 IST" duration-ms="399" status="PASS">
          <reporter-output>
          </reporter-output>
        </test-method> <!-- loginFirst -->
        <test-method signature="completePurchase()[pri:0, instance:NG_MA_SE_Jenkins.Jenkins.com.OutCard@4e5ed836]" started-at="2025-09-22T17:01:29 IST" name="completePurchase" finished-at="2025-09-22T17:01:30 IST" duration-ms="755" status="PASS">
          <reporter-output>
          </reporter-output>
        </test-method> <!-- completePurchase -->
        <test-method is-config="true" signature="TearDown()[pri:0, instance:NG_MA_SE_Jenkins.Jenkins.com.OutCard@4e5ed836]" started-at="2025-09-22T17:01:30 IST" name="TearDown" finished-at="2025-09-22T17:01:31 IST" duration-ms="1716" status="PASS">
          <reporter-output>
          </reporter-output>
        </test-method> <!-- TearDown -->
      </class> <!-- NG_MA_SE_Jenkins.Jenkins.com.OutCard -->
      <class name="NG_MA_SE_Jenkins.Jenkins.com.LogInZig">
        <test-method is-config="true" signature="SetUp()[pri:0, instance:NG_MA_SE_Jenkins.Jenkins.com.LogInZig@7a35b0f5]" started-at="2025-09-22T17:01:19 IST" name="SetUp" finished-at="2025-09-22T17:01:27 IST" duration-ms="7759" status="PASS">
          <reporter-output>
          </reporter-output>
        </test-method> <!-- SetUp -->
        <test-method signature="validLogin()[pri:1, instance:NG_MA_SE_Jenkins.Jenkins.com.LogInZig@7a35b0f5]" started-at="2025-09-22T17:01:27 IST" name="validLogin" finished-at="2025-09-22T17:01:28 IST" duration-ms="655" status="PASS">
          <reporter-output>
          </reporter-output>
        </test-method> <!-- validLogin -->
        <test-method is-config="true" signature="TearDown()[pri:0, instance:NG_MA_SE_Jenkins.Jenkins.com.LogInZig@7a35b0f5]" started-at="2025-09-22T17:01:28 IST" name="TearDown" finished-at="2025-09-22T17:01:31 IST" duration-ms="3667" status="PASS">
          <reporter-output>
          </reporter-output>
        </test-method> <!-- TearDown -->
      </class> <!-- NG_MA_SE_Jenkins.Jenkins.com.LogInZig -->
    </test> <!-- Test -->
  </suite> <!-- Suite -->
</testng-results>
