<?xml version="1.0" encoding="UTF-8"?>
<!-- Generated by org.testng.reporters.JUnitReportReporter -->
<testsuite hostname="Bhagya" failures="0" tests="2" name="NG_MA_SE_Jenkins.Jenkins.com.CartTets" time="22.366" errors="0" timestamp="2025-09-22T17:01:42 IST" skipped="0">
  <testcase classname="NG_MA_SE_Jenkins.Jenkins.com.CartTets" name="removeItemsFromCart" time="17.275"/>
  <testcase classname="NG_MA_SE_Jenkins.Jenkins.com.CartTets" name="addItemsToCart" time="5.091"/>
</testsuite> <!-- NG_MA_SE_Jenkins.Jenkins.com.CartTets -->
